<?xml version="1.0" encoding="UTF-8"?>
<testsuites>
    <testsuite name="count-total-price-in-shopping-cart;count-total-price-correctly-in-shopping-cart" tests="7" failures="0" skipped="0">
        <properties>
            <property name="URI" value="C:\Users\Lotta\Documents\GitHub\System-Testing-using-BDD-Project\features\count-price.feature">
            </property>
        </properties>
        <testcase name="Given that I am on &quot;https://www.willys.se&quot;" classname="count-total-price-in-shopping-cart;count-total-price-correctly-in-shopping-cart" time="2.7072009">
        </testcase>
        <testcase name="When that I accepted the standard cookie policy" classname="count-total-price-in-shopping-cart;count-total-price-correctly-in-shopping-cart" time="7.0562766">
        </testcase>
        <testcase name="And that we have been through the initial where to deliver popup" classname="count-total-price-in-shopping-cart;count-total-price-correctly-in-shopping-cart" time="15.3651405">
        </testcase>
        <testcase name="Given that I am on the Fruit category page" classname="count-total-price-in-shopping-cart;count-total-price-correctly-in-shopping-cart" time="5.5704133">
        </testcase>
        <testcase name="When I put a random number of each fruit that has price per piece in the cart" classname="count-total-price-in-shopping-cart;count-total-price-correctly-in-shopping-cart" time="6.2248582">
        </testcase>
        <testcase name="Then the mini-cart should show the correct total quantity of products" classname="count-total-price-in-shopping-cart;count-total-price-correctly-in-shopping-cart" time="0.0223713">
        </testcase>
        <testcase name="And the mini-cart should show correct total price" classname="count-total-price-in-shopping-cart;count-total-price-correctly-in-shopping-cart" time="0.0210279">
        </testcase>
    </testsuite>
</testsuites>