<?xml version="1.0" encoding="UTF-8"?>
<testsuites>
    <testsuite name="add-one-to-several-product-copies-in-the-shopping-cart;add-1st-product-to-the-shopping-cart" tests="5" failures="0" skipped="0">
        <properties>
            <property name="URI" value="D:\Testing 1\Programming for tester\Inlamning 3\System-Testing-using-BDD-Project\features\add-product-in-cart.feature">
            </property>
        </properties>
        <testcase name="Given that I am on &quot;https://www.willys.se&quot;" classname="add-one-to-several-product-copies-in-the-shopping-cart;add-1st-product-to-the-shopping-cart" time="2.0175193">
        </testcase>
        <testcase name="When that I accepted the standard cookie policy" classname="add-one-to-several-product-copies-in-the-shopping-cart;add-1st-product-to-the-shopping-cart" time="6.2817171">
        </testcase>
        <testcase name="And that we have been through the initial where to deliver popup" classname="add-one-to-several-product-copies-in-the-shopping-cart;add-1st-product-to-the-shopping-cart" time="15.2851821">
        </testcase>
        <testcase name="Then I click on + button to add the first product from veckans varor" classname="add-one-to-several-product-copies-in-the-shopping-cart;add-1st-product-to-the-shopping-cart" time="0.4057332">
        </testcase>
        <testcase name="And I added several copy of this product" classname="add-one-to-several-product-copies-in-the-shopping-cart;add-1st-product-to-the-shopping-cart" time="33.5964137">
        </testcase>
    </testsuite>
</testsuites>