<?xml version="1.0" encoding="UTF-8"?>
<testsuites>
    <testsuite name="count-total-price-in-shopping-cart;count-total-price-correctly-in-shopping-cart" tests="6" failures="0" skipped="0">
        <properties>
            <property name="URI" value="C:\Users\meena\OneDrive\Desktop\Project3\System-Testing-using-BDD-Project\features\count-price.feature">
            </property>
        </properties>
        <testcase name="Given that I am on &quot;https://www.willys.se&quot;" classname="count-total-price-in-shopping-cart;count-total-price-correctly-in-shopping-cart" time="2.0661832">
        </testcase>
        <testcase name="When that I accepted the standard cookie policy" classname="count-total-price-in-shopping-cart;count-total-price-correctly-in-shopping-cart" time="6.6778971">
        </testcase>
        <testcase name="And that we have been through the initial where to deliver popup" classname="count-total-price-in-shopping-cart;count-total-price-correctly-in-shopping-cart" time="15.3436175">
        </testcase>
        <testcase name="Given that I navigate to glass-godis-och-snacks category page" classname="count-total-price-in-shopping-cart;count-total-price-correctly-in-shopping-cart" time="3.4156167">
        </testcase>
        <testcase name="When I added random number of each product that has price per piece in the cart" classname="count-total-price-in-shopping-cart;count-total-price-correctly-in-shopping-cart" time="7.1997909">
        </testcase>
        <testcase name="Then the mini cart should show correct total price" classname="count-total-price-in-shopping-cart;count-total-price-correctly-in-shopping-cart" time="0.0328005">
        </testcase>
    </testsuite>
</testsuites>