<?xml version="1.0" encoding="UTF-8"?>
<testsuites>
    <testsuite name="empty-entire-shopping-cart;empty-my-shopping-cart" tests="7" failures="0" skipped="0">
        <properties>
            <property name="URI" value="C:\Users\User\Desktop\System-Testing-using-BDD-Project\features\empty-entire-cart.feature">
            </property>
        </properties>
        <testcase name="Given that I am on &quot;https://www.willys.se&quot;" classname="empty-entire-shopping-cart;empty-my-shopping-cart" time="4.4055052">
        </testcase>
        <testcase name="When that I accepted the standard cookie policy" classname="empty-entire-shopping-cart;empty-my-shopping-cart" time="7.5082593">
        </testcase>
        <testcase name="And that we have been through the initial where to deliver popup" classname="empty-entire-shopping-cart;empty-my-shopping-cart" time="15.5577077">
        </testcase>
        <testcase name="When I added some product in cart" classname="empty-entire-shopping-cart;empty-my-shopping-cart" time="11.6029986">
        </testcase>
        <testcase name="And I click on the shopping cart" classname="empty-entire-shopping-cart;empty-my-shopping-cart" time="5.5723173">
        </testcase>
        <testcase name="And I click on tÃ¶m varukorg button" classname="empty-entire-shopping-cart;empty-my-shopping-cart" time="5.2784646">
        </testcase>
        <testcase name="Then The cart should be empty" classname="empty-entire-shopping-cart;empty-my-shopping-cart" time="5.272676">
        </testcase>
    </testsuite>
</testsuites>